# JRE version: OpenJDK Runtime Environment (11.0.8+10) (build 11.0.8+10-b944.6842174)
# Java VM: OpenJDK 64-Bit Server VM (11.0.8+10-b944.6842174, mixed mode, tiered, compressed oops, g1 gc, windows-amd64)
Heap:
 garbage-first heap   total 107520K, used 76007K [0x0000000080000000, 0x0000000100000000)
  region size 1024K, 8 young (8192K), 2 survivors (2048K)
 Metaspace       used 66528K, capacity 68319K, committed 68400K, reserved 1107968K
  class space    used 8656K, capacity 9265K, committed 9344K, reserved 1048576K
GC Heap History (20 events):
Event: 48.632 GC heap before
{Heap before GC invocations=51 (full 0):
 garbage-first heap   total 89088K, used 72759K [0x0000000080000000, 0x0000000100000000)
  region size 1024K, 13 young (13312K), 2 survivors (2048K)
 Metaspace       used 57310K, capacity 58946K, committed 59312K, reserved 1101824K
  class space    used 7303K, capacity 7823K, committed 7936K, reserved 1048576K
}
Event: 48.642 GC heap after
{Heap after GC invocations=52 (full 0):
 garbage-first heap   total 89088K, used 63078K [0x0000000080000000, 0x0000000100000000)
  region size 1024K, 2 young (2048K), 2 survivors (2048K)
 Metaspace       used 57310K, capacity 58946K, committed 59312K, reserved 1101824K
  class space    used 7303K, capacity 7823K, committed 7936K, reserved 1048576K
}
Event: 49.297 GC heap before
{Heap before GC invocations=52 (full 0):
 garbage-first heap   total 89088K, used 73318K [0x0000000080000000, 0x0000000100000000)
  region size 1024K, 13 young (13312K), 2 survivors (2048K)
 Metaspace       used 57872K, capacity 59402K, committed 59568K, reserved 1101824K
  class space    used 7385K, capacity 7889K, committed 7936K, reserved 1048576K
}
Event: 49.309 GC heap after
{Heap after GC invocations=53 (full 0):
 garbage-first heap   total 89088K, used 64219K [0x0000000080000000, 0x0000000100000000)
  region size 1024K, 2 young (2048K), 2 survivors (2048K)
 Metaspace       used 57872K, capacity 59402K, committed 59568K, reserved 1101824K
  class space    used 7385K, capacity 7889K, committed 7936K, reserved 1048576K
}
Event: 49.802 GC heap before
{Heap before GC invocations=54 (full 0):
 garbage-first heap   total 89088K, used 73435K [0x0000000080000000, 0x0000000100000000)
  region size 1024K, 12 young (12288K), 2 survivors (2048K)
 Metaspace       used 58837K, capacity 60494K, committed 60720K, reserved 1101824K
  class space    used 7514K, capacity 8055K, committed 8064K, reserved 1048576K
}
Event: 49.814 GC heap after
{Heap after GC invocations=55 (full 0):
 garbage-first heap   total 89088K, used 65323K [0x0000000080000000, 0x0000000100000000)
  region size 1024K, 1 young (1024K), 1 survivors (1024K)
 Metaspace       used 58837K, capacity 60494K, committed 60720K, reserved 1101824K
  class space    used 7514K, capacity 8055K, committed 8064K, reserved 1048576K
}
Event: 50.142 GC heap before
{Heap before GC invocations=55 (full 0):
 garbage-first heap   total 89088K, used 70443K [0x0000000080000000, 0x0000000100000000)
  region size 1024K, 8 young (8192K), 1 survivors (1024K)
 Metaspace       used 59627K, capacity 61362K, committed 61616K, reserved 1103872K
  class space    used 7581K, capacity 8129K, committed 8192K, reserved 1048576K
}
Event: 50.149 GC heap after
{Heap after GC invocations=56 (full 0):
 garbage-first heap   total 89088K, used 65797K [0x0000000080000000, 0x0000000100000000)
  region size 1024K, 2 young (2048K), 2 survivors (2048K)
 Metaspace       used 59627K, capacity 61362K, committed 61616K, reserved 1103872K
  class space    used 7581K, capacity 8129K, committed 8192K, reserved 1048576K
}
Event: 50.641 GC heap before
{Heap before GC invocations=57 (full 0):
 garbage-first heap   total 89088K, used 75013K [0x0000000080000000, 0x0000000100000000)
  region size 1024K, 10 young (10240K), 2 survivors (2048K)
 Metaspace       used 60371K, capacity 62157K, committed 62512K, reserved 1103872K
  class space    used 7652K, capacity 8197K, committed 8320K, reserved 1048576K
}
Event: 50.653 GC heap after
{Heap after GC invocations=58 (full 0):
 garbage-first heap   total 89088K, used 67008K [0x0000000080000000, 0x0000000100000000)
  region size 1024K, 2 young (2048K), 2 survivors (2048K)
 Metaspace       used 60371K, capacity 62157K, committed 62512K, reserved 1103872K
  class space    used 7652K, capacity 8197K, committed 8320K, reserved 1048576K
}
Event: 51.026 GC heap before
{Heap before GC invocations=58 (full 0):
 garbage-first heap   total 89088K, used 75200K [0x0000000080000000, 0x0000000100000000)
  region size 1024K, 10 young (10240K), 2 survivors (2048K)
 Metaspace       used 60647K, capacity 62374K, committed 62512K, reserved 1103872K
  class space    used 7724K, capacity 8268K, committed 8320K, reserved 1048576K
}
Event: 51.036 GC heap after
{Heap after GC invocations=59 (full 0):
 garbage-first heap   total 89088K, used 66913K [0x0000000080000000, 0x0000000100000000)
  region size 1024K, 2 young (2048K), 2 survivors (2048K)
 Metaspace       used 60647K, capacity 62374K, committed 62512K, reserved 1103872K
  class space    used 7724K, capacity 8268K, committed 8320K, reserved 1048576K
}
Event: 51.375 GC heap before
{Heap before GC invocations=60 (full 0):
 garbage-first heap   total 89088K, used 74081K [0x0000000080000000, 0x0000000100000000)
  region size 1024K, 9 young (9216K), 2 survivors (2048K)
 Metaspace       used 60670K, capacity 62472K, committed 62512K, reserved 1103872K
  class space    used 7729K, capacity 8302K, committed 8320K, reserved 1048576K
}
Event: 51.384 GC heap after
{Heap after GC invocations=61 (full 0):
 garbage-first heap   total 107520K, used 67577K [0x0000000080000000, 0x0000000100000000)
  region size 1024K, 2 young (2048K), 2 survivors (2048K)
 Metaspace       used 60670K, capacity 62472K, committed 62512K, reserved 1103872K
  class space    used 7729K, capacity 8302K, committed 8320K, reserved 1048576K
}
Event: 52.318 GC heap before
{Heap before GC invocations=61 (full 0):
 garbage-first heap   total 107520K, used 83961K [0x0000000080000000, 0x0000000100000000)
  region size 1024K, 18 young (18432K), 2 survivors (2048K)
 Metaspace       used 62170K, capacity 63992K, committed 64048K, reserved 1105920K
  class space    used 7923K, capacity 8530K, committed 8576K, reserved 1048576K
}
Event: 52.331 GC heap after
{Heap after GC invocations=62 (full 0):
 garbage-first heap   total 107520K, used 68967K [0x0000000080000000, 0x0000000100000000)
  region size 1024K, 3 young (3072K), 3 survivors (3072K)
 Metaspace       used 62170K, capacity 63992K, committed 64048K, reserved 1105920K
  class space    used 7923K, capacity 8530K, committed 8576K, reserved 1048576K
}
Event: 53.458 GC heap before
{Heap before GC invocations=63 (full 0):
 garbage-first heap   total 107520K, used 84327K [0x0000000080000000, 0x0000000100000000)
  region size 1024K, 18 young (18432K), 3 survivors (3072K)
 Metaspace       used 64192K, capacity 65994K, committed 66224K, reserved 1105920K
  class space    used 8314K, capacity 8921K, committed 8960K, reserved 1048576K
}
Event: 53.469 GC heap after
{Heap after GC invocations=64 (full 0):
 garbage-first heap   total 107520K, used 69546K [0x0000000080000000, 0x0000000100000000)
  region size 1024K, 2 young (2048K), 2 survivors (2048K)
 Metaspace       used 64192K, capacity 65994K, committed 66224K, reserved 1105920K
  class space    used 8314K, capacity 8921K, committed 8960K, reserved 1048576K
}
Event: 54.472 GC heap before
{Heap before GC invocations=64 (full 0):
 garbage-first heap   total 107520K, used 86954K [0x0000000080000000, 0x0000000100000000)
  region size 1024K, 19 young (19456K), 2 survivors (2048K)
 Metaspace       used 66021K, capacity 67837K, committed 68016K, reserved 1107968K
  class space    used 8579K, capacity 9167K, committed 9216K, reserved 1048576K
}
Event: 54.483 GC heap after
{Heap after GC invocations=65 (full 0):
 garbage-first heap   total 107520K, used 70887K [0x0000000080000000, 0x0000000100000000)
  region size 1024K, 2 young (2048K), 2 survivors (2048K)
 Metaspace       used 66021K, capacity 67837K, committed 68016K, reserved 1107968K
  class space    used 8579K, capacity 9167K, committed 9216K, reserved 1048576K
}

